<?xml version="1.0" encoding="UTF-8"?>
<!-- Generated by org.testng.reporters.JUnitReportReporter -->
<testsuite hostname="LAPTOP-QVJH7I2R" name="com.lessonwork.LessonTwo.test" tests="1" failures="0" timestamp="1 Apr 2018 07:17:59 GMT" time="8.284" errors="0">
  <testcase name="testDemo" time="8.284" classname="com.lessonwork.LessonTwo.test"/>
</testsuite> <!-- com.lessonwork.LessonTwo.test -->
